<?xml version="1.0" encoding="UTF-8"?>
<!-- Generated by org.testng.reporters.JUnitReportReporter -->
<testsuite hostname="HP-Astha" failures="0" tests="1" name="TestNG.CreateUser_Annotations" time="5.441" errors="0" timestamp="13 Feb 2024 03:21:48 GMT" skipped="0">
  <testcase classname="TestNG.CreateUser_Annotations" name="createUser" time="5.441"/>
</testsuite> <!-- TestNG.CreateUser_Annotations -->
