<?xml version="1.0" encoding="UTF-8"?>
<!-- Generated by org.testng.reporters.JUnitReportReporter -->
<testsuite hostname="HP-Astha" failures="0" tests="3" name="TestNG.ActitimeLoginCreateUserLogout" time="14.926" errors="0" timestamp="11 Feb 2024 16:29:25 GMT" skipped="0">
  <testcase classname="TestNG.ActitimeLoginCreateUserLogout" name="login" time="10.798"/>
  <testcase classname="TestNG.ActitimeLoginCreateUserLogout" name="createUser" time="3.940"/>
  <testcase classname="TestNG.ActitimeLoginCreateUserLogout" name="logout" time="0.188"/>
</testsuite> <!-- TestNG.ActitimeLoginCreateUserLogout -->
