<?xml version="1.0" encoding="UTF-8"?>
<!-- Generated by org.testng.reporters.JUnitReportReporter -->
<testsuite hostname="HP-Astha" failures="0" tests="2" name="TestNG.LoginActitimePractice" time="8.094" errors="0" timestamp="10 Feb 2024 02:55:21 GMT" skipped="0">
  <testcase classname="TestNG.LoginActitimePractice" name="login" time="6.575"/>
  <testcase classname="TestNG.LoginActitimePractice" name="logout" time="1.519"/>
</testsuite> <!-- TestNG.LoginActitimePractice -->
